<?xml version="1.0" encoding="UTF-8"?>
<testsuite name="personal.VirtualAccountApiTest" tests="5" skipped="5" failures="0" errors="0" timestamp="2021-02-26T11:11:39" hostname="DESKTOP-4AQREJC" time="0.001">
  <properties/>
  <testcase name="statusChangeUsingPOSTTest" classname="personal.VirtualAccountApiTest" time="0.0">
    <skipped/>
  </testcase>
  <testcase name="depositTransactionsUsingGETTest" classname="personal.VirtualAccountApiTest" time="0.0">
    <skipped/>
  </testcase>
  <testcase name="vaCloseRequestUsingPOSTTest" classname="personal.VirtualAccountApiTest" time="0.0">
    <skipped/>
  </testcase>
  <testcase name="issueUsingPOSTTest" classname="personal.VirtualAccountApiTest" time="0.0">
    <skipped/>
  </testcase>
  <testcase name="vaListUsingPOSTTest" classname="personal.VirtualAccountApiTest" time="0.0">
    <skipped/>
  </testcase>
  <system-out><![CDATA[]]></system-out>
  <system-err><![CDATA[]]></system-err>
</testsuite>
