<?xml version="1.0" encoding="UTF-8"?>
<testsuite name="corporate.BulkTransferApiTest" tests="3" skipped="3" failures="0" errors="0" timestamp="2021-02-26T11:11:39" hostname="DESKTOP-4AQREJC" time="0.0">
  <properties/>
  <testcase name="bulkTransferFeeUsingPOSTTest" classname="corporate.BulkTransferApiTest" time="0.0">
    <skipped/>
  </testcase>
  <testcase name="bulkTransferStatusUsingGETTest" classname="corporate.BulkTransferApiTest" time="0.0">
    <skipped/>
  </testcase>
  <testcase name="bulkTransferRequestUsingPOSTTest" classname="corporate.BulkTransferApiTest" time="0.0">
    <skipped/>
  </testcase>
  <system-out><![CDATA[]]></system-out>
  <system-err><![CDATA[]]></system-err>
</testsuite>
