<?xml version="1.0" encoding="UTF-8"?>
<testsuite name="corporate.TransferApiTest" tests="4" skipped="4" failures="0" errors="0" timestamp="2021-02-26T11:11:39" hostname="DESKTOP-4AQREJC" time="0.001">
  <properties/>
  <testcase name="transferStatusUsingGETTest" classname="corporate.TransferApiTest" time="0.0">
    <skipped/>
  </testcase>
  <testcase name="transferRequestUsingPOSTTest" classname="corporate.TransferApiTest" time="0.0">
    <skipped/>
  </testcase>
  <testcase name="transferFeeUsingPOSTTest" classname="corporate.TransferApiTest" time="0.0">
    <skipped/>
  </testcase>
  <testcase name="spAccountTransferUsingPOSTTest" classname="corporate.TransferApiTest" time="0.0">
    <skipped/>
  </testcase>
  <system-out><![CDATA[]]></system-out>
  <system-err><![CDATA[]]></system-err>
</testsuite>
