<?xml version="1.0" encoding="UTF-8"?>
<testsuite name="corporate.TransferCommonApiTest" tests="2" skipped="2" failures="0" errors="0" timestamp="2021-02-26T11:11:39" hostname="DESKTOP-4AQREJC" time="0.0">
  <properties/>
  <testcase name="transferCancelUsingPOSTTest" classname="corporate.TransferCommonApiTest" time="0.0">
    <skipped/>
  </testcase>
  <testcase name="transferRequestResultUsingGETTest" classname="corporate.TransferCommonApiTest" time="0.0">
    <skipped/>
  </testcase>
  <system-out><![CDATA[]]></system-out>
  <system-err><![CDATA[]]></system-err>
</testsuite>
